/!\ FAILSAFE /!\  Sun Aug 22 16:09:12 -0700 2010
  Status: 500 Internal Server Error
  Can't connect to local MySQL server through socket '/Applications/MAMP/tmp/mysql/mysql.sock' (2)
    /Library/Ruby/Gems/1.8/gems/activerecord-2.3.8/lib/active_record/connection_adapters/mysql_adapter.rb:619:in `real_connect'
    /Library/Ruby/Gems/1.8/gems/activerecord-2.3.8/lib/active_record/connection_adapters/mysql_adapter.rb:619:in `connect'
    /Library/Ruby/Gems/1.8/gems/activerecord-2.3.8/lib/active_record/connection_adapters/mysql_adapter.rb:203:in `initialize'
    /Library/Ruby/Gems/1.8/gems/activerecord-2.3.8/lib/active_record/connection_adapters/mysql_adapter.rb:75:in `new'
    /Library/Ruby/Gems/1.8/gems/activerecord-2.3.8/lib/active_record/connection_adapters/mysql_adapter.rb:75:in `mysql_connection'
    /Library/Ruby/Gems/1.8/gems/activerecord-2.3.8/lib/active_record/connection_adapters/abstract/connection_pool.rb:223:in `send'
    /Library/Ruby/Gems/1.8/gems/activerecord-2.3.8/lib/active_record/connection_adapters/abstract/connection_pool.rb:223:in `new_connection'
    /Library/Ruby/Gems/1.8/gems/activerecord-2.3.8/lib/active_record/connection_adapters/abstract/connection_pool.rb:245:in `checkout_new_connection'
    /Library/Ruby/Gems/1.8/gems/activerecord-2.3.8/lib/active_record/connection_adapters/abstract/connection_pool.rb:188:in `checkout'
    /Library/Ruby/Gems/1.8/gems/activerecord-2.3.8/lib/active_record/connection_adapters/abstract/connection_pool.rb:184:in `loop'
    /Library/Ruby/Gems/1.8/gems/activerecord-2.3.8/lib/active_record/connection_adapters/abstract/connection_pool.rb:184:in `checkout'
    /System/Library/Frameworks/Ruby.framework/Versions/1.8/usr/lib/ruby/1.8/monitor.rb:242:in `synchronize'
    /Library/Ruby/Gems/1.8/gems/activerecord-2.3.8/lib/active_record/connection_adapters/abstract/connection_pool.rb:183:in `checkout'
    /Library/Ruby/Gems/1.8/gems/activerecord-2.3.8/lib/active_record/connection_adapters/abstract/connection_pool.rb:98:in `connection'
    /Library/Ruby/Gems/1.8/gems/activerecord-2.3.8/lib/active_record/connection_adapters/abstract/connection_pool.rb:326:in `retrieve_connection'
    /Library/Ruby/Gems/1.8/gems/activerecord-2.3.8/lib/active_record/connection_adapters/abstract/connection_specification.rb:123:in `retrieve_connection'
    /Library/Ruby/Gems/1.8/gems/activerecord-2.3.8/lib/active_record/connection_adapters/abstract/connection_specification.rb:115:in `connection'
    /Library/Ruby/Gems/1.8/gems/activerecord-2.3.8/lib/active_record/query_cache.rb:9:in `cache'
    /Library/Ruby/Gems/1.8/gems/activerecord-2.3.8/lib/active_record/query_cache.rb:28:in `call'
    /Library/Ruby/Gems/1.8/gems/activerecord-2.3.8/lib/active_record/connection_adapters/abstract/connection_pool.rb:361:in `call'
    /Library/Ruby/Gems/1.8/gems/actionpack-2.3.8/lib/action_controller/string_coercion.rb:25:in `call'
    /Library/Ruby/Gems/1.8/gems/rack-1.1.0/lib/rack/head.rb:9:in `call'
    /Library/Ruby/Gems/1.8/gems/rack-1.1.0/lib/rack/methodoverride.rb:24:in `call'
    /Library/Ruby/Gems/1.8/gems/actionpack-2.3.8/lib/action_controller/params_parser.rb:15:in `call'
    /Library/Ruby/Gems/1.8/gems/actionpack-2.3.8/lib/action_controller/session/cookie_store.rb:99:in `call'
    /Library/Ruby/Gems/1.8/gems/actionpack-2.3.8/lib/action_controller/failsafe.rb:26:in `call'
    /Library/Ruby/Gems/1.8/gems/rack-1.1.0/lib/rack/lock.rb:11:in `call'
    /Library/Ruby/Gems/1.8/gems/rack-1.1.0/lib/rack/lock.rb:11:in `synchronize'
    /Library/Ruby/Gems/1.8/gems/rack-1.1.0/lib/rack/lock.rb:11:in `call'
    /Library/Ruby/Gems/1.8/gems/actionpack-2.3.8/lib/action_controller/dispatcher.rb:114:in `call'
    /Library/Ruby/Gems/1.8/gems/actionpack-2.3.8/lib/action_controller/reloader.rb:34:in `run'
    /Library/Ruby/Gems/1.8/gems/actionpack-2.3.8/lib/action_controller/dispatcher.rb:108:in `call'
    /Library/Ruby/Gems/1.8/gems/rails-2.3.8/lib/rails/rack/static.rb:31:in `call'
    /Library/Ruby/Gems/1.8/gems/rack-1.1.0/lib/rack/urlmap.rb:47:in `call'
    /Library/Ruby/Gems/1.8/gems/rack-1.1.0/lib/rack/urlmap.rb:41:in `each'
    /Library/Ruby/Gems/1.8/gems/rack-1.1.0/lib/rack/urlmap.rb:41:in `call'
    /Library/Ruby/Gems/1.8/gems/rails-2.3.8/lib/rails/rack/log_tailer.rb:17:in `call'
    /Library/Ruby/Gems/1.8/gems/rack-1.1.0/lib/rack/content_length.rb:13:in `call'
    /Library/Ruby/Gems/1.8/gems/rack-1.1.0/lib/rack/chunked.rb:15:in `call'
    /Library/Ruby/Gems/1.8/gems/rack-1.1.0/lib/rack/handler/mongrel.rb:67:in `process'
    /System/Library/Frameworks/Ruby.framework/Versions/1.8/usr/lib/ruby/gems/1.8/gems/mongrel-1.1.5/lib/mongrel.rb:159:in `process_client'
    /System/Library/Frameworks/Ruby.framework/Versions/1.8/usr/lib/ruby/gems/1.8/gems/mongrel-1.1.5/lib/mongrel.rb:158:in `each'
    /System/Library/Frameworks/Ruby.framework/Versions/1.8/usr/lib/ruby/gems/1.8/gems/mongrel-1.1.5/lib/mongrel.rb:158:in `process_client'
    /System/Library/Frameworks/Ruby.framework/Versions/1.8/usr/lib/ruby/gems/1.8/gems/mongrel-1.1.5/lib/mongrel.rb:285:in `run'
    /System/Library/Frameworks/Ruby.framework/Versions/1.8/usr/lib/ruby/gems/1.8/gems/mongrel-1.1.5/lib/mongrel.rb:285:in `initialize'
    /System/Library/Frameworks/Ruby.framework/Versions/1.8/usr/lib/ruby/gems/1.8/gems/mongrel-1.1.5/lib/mongrel.rb:285:in `new'
    /System/Library/Frameworks/Ruby.framework/Versions/1.8/usr/lib/ruby/gems/1.8/gems/mongrel-1.1.5/lib/mongrel.rb:285:in `run'
    /System/Library/Frameworks/Ruby.framework/Versions/1.8/usr/lib/ruby/gems/1.8/gems/mongrel-1.1.5/lib/mongrel.rb:268:in `initialize'
    /System/Library/Frameworks/Ruby.framework/Versions/1.8/usr/lib/ruby/gems/1.8/gems/mongrel-1.1.5/lib/mongrel.rb:268:in `new'
    /System/Library/Frameworks/Ruby.framework/Versions/1.8/usr/lib/ruby/gems/1.8/gems/mongrel-1.1.5/lib/mongrel.rb:268:in `run'
    /Library/Ruby/Gems/1.8/gems/rack-1.1.0/lib/rack/handler/mongrel.rb:38:in `run'
    /Library/Ruby/Gems/1.8/gems/rails-2.3.8/lib/commands/server.rb:111
    /Library/Ruby/Site/1.8/rubygems/custom_require.rb:31:in `gem_original_require'
    /Library/Ruby/Site/1.8/rubygems/custom_require.rb:31:in `require'
    script/server:3
  [4;36;1mSQL (0.2ms)[0m   [0;1mSET SQL_AUTO_IS_NULL=0[0m


Processing Rails::InfoController#properties (for 127.0.0.1 at 2010-08-22 16:09:57) [GET]
  [4;35;1mSQL (0.6ms)[0m   [0mSHOW TABLES[0m
  [4;36;1mSQL (0.7ms)[0m   [0;1mSELECT version FROM schema_migrations[0m
Completed in 14ms (View: 2, DB: 1) | 200 OK [http://0.0.0.0/rails/info/properties]
  [4;35;1mSQL (0.1ms)[0m   [0mSET SQL_AUTO_IS_NULL=0[0m


Processing FacilitiesController#show (for 127.0.0.1 at 2010-08-22 16:10:05) [GET]
  Parameters: {"id"=>"1"}
  [4;36;1mFacility Columns (3.2ms)[0m   [0;1mSHOW FIELDS FROM `facilities`[0m
  [4;35;1mFacility Load (0.5ms)[0m   [0mSELECT * FROM `facilities` WHERE (`facilities`.`id` = 1) [0m
Rendering template within layouts/facilities
Rendering facilities/show
Completed in 27ms (View: 19, DB: 4) | 200 OK [http://0.0.0.0/facilities/1]
  [4;36;1mSQL (0.2ms)[0m   [0;1mSET SQL_AUTO_IS_NULL=0[0m


Processing FacilitiesController#show (for 127.0.0.1 at 2010-08-22 16:13:43) [GET]
  Parameters: {"id"=>"36092"}
  [4;35;1mFacility Columns (4.6ms)[0m   [0mSHOW FIELDS FROM `facilities`[0m
  [4;36;1mFacility Load (20.5ms)[0m   [0;1mSELECT * FROM `facilities` WHERE (`facilities`.`zipcode` IS NULL) [0m
Rendering template within layouts/facilities
Rendering facilities/show

ActionView::TemplateError (undefined method `name' for []:Array) on line #3 of app/views/facilities/show.html.erb:
1: <p>
2:   <b>Name:</b>
3:   <%=h @facility.name %>
4: </p>
5: 
6: <p>

    app/views/facilities/show.html.erb:3
    app/controllers/facilities_controller.rb:18:in `show'

Rendered rescues/_trace (46.3ms)
Rendered rescues/_request_and_response (1.2ms)
Rendering rescues/layout (internal_server_error)
  [4;36;1mSQL (0.2ms)[0m   [0;1mSET SQL_AUTO_IS_NULL=0[0m


Processing FacilitiesController#index (for 127.0.0.1 at 2010-08-22 16:18:07) [GET]
  [4;35;1mFacility Load (33.6ms)[0m   [0mSELECT * FROM `facilities` [0m
Rendering template within layouts/facilities
Rendering facilities/index
  [4;36;1mFacility Columns (1.4ms)[0m   [0;1mSHOW FIELDS FROM `facilities`[0m
Completed in 43277ms (View: 43031, DB: 35) | 200 OK [http://0.0.0.0/facilities/]
  [4;35;1mSQL (0.1ms)[0m   [0mSET SQL_AUTO_IS_NULL=0[0m


Processing FacilitiesController#show (for 127.0.0.1 at 2010-08-22 16:19:35) [GET]
  Parameters: {"id"=>"36116"}
  [4;36;1mFacility Columns (2.0ms)[0m   [0;1mSHOW FIELDS FROM `facilities`[0m
  [4;35;1mFacility Load (0.2ms)[0m   [0mSELECT * FROM `facilities` WHERE (`facilities`.`id` = 36116) [0m

ActiveRecord::RecordNotFound (Couldn't find Facility with ID=36116):
  app/controllers/facilities_controller.rb:25:in `show'

Rendered rescues/_trace (33.0ms)
Rendered rescues/_request_and_response (1.1ms)
Rendering rescues/layout (not_found)
  [4;36;1mSQL (0.2ms)[0m   [0;1mSET SQL_AUTO_IS_NULL=0[0m


Processing FacilitiesController#view (for 127.0.0.1 at 2010-08-22 16:21:32) [GET]
  Parameters: {"zipcode"=>"31163"}
  [4;35;1mFacility Load (33.6ms)[0m   [0mSELECT * FROM `facilities` [0m
Rendering template within layouts/facilities
Rendering facilities/view
  [4;36;1mFacility Columns (1.7ms)[0m   [0;1mSHOW FIELDS FROM `facilities`[0m
Completed in 43046ms (View: 42800, DB: 36) | 200 OK [http://0.0.0.0/facilities/zipcode/31163]
  [4;36;1mSQL (0.2ms)[0m   [0;1mSET SQL_AUTO_IS_NULL=0[0m


Processing FacilitiesController#show (for 127.0.0.1 at 2010-08-22 16:23:47) [GET]
  Parameters: {"id"=>"36092"}
  [4;35;1mFacility Columns (1.4ms)[0m   [0mSHOW FIELDS FROM `facilities`[0m
  [4;36;1mFacility Load (0.2ms)[0m   [0;1mSELECT * FROM `facilities` WHERE (`facilities`.`id` = 36092) [0m

ActiveRecord::RecordNotFound (Couldn't find Facility with ID=36092):
  app/controllers/facilities_controller.rb:25:in `show'

Rendered rescues/_trace (35.2ms)
Rendered rescues/_request_and_response (1.2ms)
Rendering rescues/layout (not_found)
  [4;35;1mSQL (0.1ms)[0m   [0mSET SQL_AUTO_IS_NULL=0[0m


Processing FacilitiesController#view (for 127.0.0.1 at 2010-08-22 16:23:59) [GET]
  Parameters: {"zipcode"=>"36092"}

ArgumentError (wrong number of arguments (1 for 0)):
  app/controllers/facilities_controller.rb:14:in `params'
  app/controllers/facilities_controller.rb:14:in `view'

Rendered rescues/_trace (32.4ms)
Rendered rescues/_request_and_response (0.3ms)
Rendering rescues/layout (internal_server_error)
  [4;36;1mSQL (0.2ms)[0m   [0;1mSET SQL_AUTO_IS_NULL=0[0m


Processing FacilitiesController#view (for 127.0.0.1 at 2010-08-22 16:26:00) [GET]
  Parameters: {"zipcode"=>"36092"}
  [4;35;1mFacility Columns (1.4ms)[0m   [0mSHOW FIELDS FROM `facilities`[0m
  [4;36;1mFacility Load (0.4ms)[0m   [0;1mSELECT * FROM `facilities` WHERE (`facilities`.`zipcode` = '36092') LIMIT 1[0m
Rendering template within layouts/facilities
Rendering facilities/view

ActionView::TemplateError (undefined method `each' for #<Facility:0x104463570>) on line #9 of app/views/facilities/view.html.erb:
6:     <th>Zipcode</th>
7:   </tr>
8: 
9: <% @facilities.each do |facility| %>
10:   <tr>
11:     <td><%=h facility.name %></td>
12:     <td><%=h facility.zipcode %></td>

    app/views/facilities/view.html.erb:9
    app/controllers/facilities_controller.rb:16:in `view'

Rendered rescues/_trace (46.7ms)
Rendered rescues/_request_and_response (1.2ms)
Rendering rescues/layout (internal_server_error)
  [4;36;1mSQL (0.2ms)[0m   [0;1mSET SQL_AUTO_IS_NULL=0[0m


Processing FacilitiesController#view (for 127.0.0.1 at 2010-08-22 16:30:21) [GET]
  Parameters: {"zipcode"=>"36092"}

ActiveRecord::RecordNotFound (Couldn't find Facility without an ID):
  app/controllers/facilities_controller.rb:14:in `view'

Rendered rescues/_trace (34.8ms)
Rendered rescues/_request_and_response (1.2ms)
Rendering rescues/layout (not_found)
  [4;36;1mSQL (0.2ms)[0m   [0;1mSET SQL_AUTO_IS_NULL=0[0m


Processing FacilitiesController#view (for 127.0.0.1 at 2010-08-22 16:31:16) [GET]
  Parameters: {"zipcode"=>"36092"}
  [4;35;1mFacility Load (11.4ms)[0m   [0mSELECT * FROM `facilities` WHERE (zipcode like '36092') [0m
Rendering template within layouts/facilities
Rendering facilities/view
  [4;36;1mFacility Columns (1.9ms)[0m   [0;1mSHOW FIELDS FROM `facilities`[0m
Completed in 33ms (View: 16, DB: 13) | 200 OK [http://0.0.0.0/facilities/zipcode/36092/]
  [4;35;1mSQL (0.1ms)[0m   [0mSET SQL_AUTO_IS_NULL=0[0m


Processing FacilitiesController#view (for 127.0.0.1 at 2010-08-22 16:32:57) [GET]
  Parameters: {"zipcode"=>"11691"}
  [4;36;1mFacility Load (11.4ms)[0m   [0;1mSELECT * FROM `facilities` WHERE (zipcode like '11691') [0m
Rendering template within layouts/facilities
Rendering facilities/view
  [4;35;1mFacility Columns (2.6ms)[0m   [0mSHOW FIELDS FROM `facilities`[0m
Completed in 45ms (View: 27, DB: 14) | 200 OK [http://0.0.0.0/facilities/zipcode/11691/]
  [4;36;1mSQL (0.1ms)[0m   [0;1mSET SQL_AUTO_IS_NULL=0[0m


Processing FacilitiesController#show (for 127.0.0.1 at 2010-08-22 16:33:46) [GET]
  Parameters: {"id"=>"8797"}
  [4;35;1mFacility Columns (1.4ms)[0m   [0mSHOW FIELDS FROM `facilities`[0m
  [4;36;1mFacility Load (0.3ms)[0m   [0;1mSELECT * FROM `facilities` WHERE (`facilities`.`id` = 8797) [0m
Rendering template within layouts/facilities
Rendering facilities/show
Completed in 13ms (View: 7, DB: 2) | 200 OK [http://0.0.0.0/facilities/8797]
  [4;35;1mSQL (0.1ms)[0m   [0mSET SQL_AUTO_IS_NULL=0[0m


Processing FacilitiesController#index (for 127.0.0.1 at 2010-08-22 16:33:48) [GET]
  [4;36;1mFacility Load (33.7ms)[0m   [0;1mSELECT * FROM `facilities` [0m
Rendering template within layouts/facilities
Rendering facilities/index
  [4;35;1mFacility Columns (2.0ms)[0m   [0mSHOW FIELDS FROM `facilities`[0m
Completed in 42452ms (View: 42147, DB: 36) | 200 OK [http://0.0.0.0/facilities]
  [4;36;1mSQL (0.1ms)[0m   [0;1mSET SQL_AUTO_IS_NULL=0[0m


Processing FacilitiesController#index (for 127.0.0.1 at 2010-08-22 16:34:31) [GET]
  [4;35;1mFacility Load (34.7ms)[0m   [0mSELECT * FROM `facilities` [0m
Rendering template within layouts/facilities
Rendering facilities/index
  [4;36;1mFacility Columns (1.7ms)[0m   [0;1mSHOW FIELDS FROM `facilities`[0m
Completed in 46697ms (View: 46425, DB: 36) | 200 OK [http://0.0.0.0/facilities]
  [4;35;1mSQL (0.1ms)[0m   [0mSET SQL_AUTO_IS_NULL=0[0m


Processing FacilitiesController#index (for 127.0.0.1 at 2010-08-22 16:35:18) [GET]
  [4;36;1mFacility Load (35.2ms)[0m   [0;1mSELECT * FROM `facilities` [0m
Rendering template within layouts/facilities
Rendering facilities/index
  [4;35;1mFacility Columns (2.1ms)[0m   [0mSHOW FIELDS FROM `facilities`[0m
Completed in 47586ms (View: 47383, DB: 37) | 200 OK [http://0.0.0.0/facilities]
  [4;36;1mSQL (0.1ms)[0m   [0;1mSET SQL_AUTO_IS_NULL=0[0m


Processing FacilitiesController#view (for 127.0.0.1 at 2010-08-22 16:36:06) [GET]
  Parameters: {"zipcode"=>";;;;;drop table facilities"}
  [4;35;1mFacility Load (11.3ms)[0m   [0mSELECT * FROM `facilities` WHERE (zipcode like ';;;;;drop table facilities') [0m
Rendering template within layouts/facilities
Rendering facilities/view
Completed in 17ms (View: 1, DB: 11) | 200 OK [http://0.0.0.0/facilities/zipcode/;;;;;drop%20table%20facilities]
  [4;36;1mSQL (0.1ms)[0m   [0;1mSET SQL_AUTO_IS_NULL=0[0m


Processing FacilitiesController#view (for 127.0.0.1 at 2010-08-22 16:36:06) [GET]
  Parameters: {"zipcode"=>";;;;;drop table facilities"}
  [4;35;1mFacility Load (11.7ms)[0m   [0mSELECT * FROM `facilities` WHERE (zipcode like ';;;;;drop table facilities') [0m
Rendering template within layouts/facilities
Rendering facilities/view
Completed in 18ms (View: 1, DB: 12) | 200 OK [http://0.0.0.0/facilities/zipcode/;;;;;drop%20table%20facilities]
  [4;36;1mSQL (0.1ms)[0m   [0;1mSET SQL_AUTO_IS_NULL=0[0m


Processing FacilitiesController#view (for 127.0.0.1 at 2010-08-22 16:36:06) [GET]
  Parameters: {"zipcode"=>"11692"}
  [4;35;1mFacility Load (12.7ms)[0m   [0mSELECT * FROM `facilities` WHERE (zipcode like '11692') [0m
Rendering template within layouts/facilities
Rendering facilities/view
  [4;36;1mFacility Columns (1.8ms)[0m   [0;1mSHOW FIELDS FROM `facilities`[0m
Completed in 29ms (View: 9, DB: 15) | 200 OK [http://0.0.0.0/facilities/zipcode/11692]
  [4;35;1mSQL (0.1ms)[0m   [0mSET SQL_AUTO_IS_NULL=0[0m


Processing FacilitiesController#view (for 127.0.0.1 at 2010-08-22 16:36:06) [GET]
  Parameters: {"zipcode"=>"11691"}
  [4;36;1mFacility Load (14.3ms)[0m   [0;1mSELECT * FROM `facilities` WHERE (zipcode like '11691') [0m
Rendering template within layouts/facilities
Rendering facilities/view
  [4;35;1mFacility Columns (2.7ms)[0m   [0mSHOW FIELDS FROM `facilities`[0m
Completed in 49ms (View: 28, DB: 17) | 200 OK [http://0.0.0.0/facilities/zipcode/11691/]
  [4;36;1mSQL (0.1ms)[0m   [0;1mSET SQL_AUTO_IS_NULL=0[0m


Processing FacilitiesController#view (for 127.0.0.1 at 2010-08-22 16:36:06) [GET]
  Parameters: {"zipcode"=>"11691"}
  [4;35;1mFacility Load (11.5ms)[0m   [0mSELECT * FROM `facilities` WHERE (zipcode like '11691') [0m
Rendering template within layouts/facilities
Rendering facilities/view
  [4;36;1mFacility Columns (1.2ms)[0m   [0;1mSHOW FIELDS FROM `facilities`[0m
Completed in 44ms (View: 27, DB: 13) | 200 OK [http://0.0.0.0/facilities/zipcode/11691/]
  [4;35;1mSQL (0.1ms)[0m   [0mSET SQL_AUTO_IS_NULL=0[0m


Processing FacilitiesController#view (for 127.0.0.1 at 2010-08-22 16:36:06) [GET]
  Parameters: {"zipcode"=>"11691"}
  [4;36;1mFacility Load (11.4ms)[0m   [0;1mSELECT * FROM `facilities` WHERE (zipcode like '11691') [0m
Rendering template within layouts/facilities
Rendering facilities/view
  [4;35;1mFacility Columns (1.3ms)[0m   [0mSHOW FIELDS FROM `facilities`[0m
Completed in 44ms (View: 28, DB: 13) | 200 OK [http://0.0.0.0/facilities/zipcode/11691/]
  [4;36;1mSQL (0.1ms)[0m   [0;1mSET SQL_AUTO_IS_NULL=0[0m


Processing FacilitiesController#view (for 127.0.0.1 at 2010-08-22 16:36:22) [GET]
  Parameters: {"zipcode"=>"36092"}
  [4;35;1mFacility Load (12.6ms)[0m   [0mSELECT * FROM `facilities` WHERE (zipcode like '36092') [0m
Rendering template within layouts/facilities
Rendering facilities/view
  [4;36;1mFacility Columns (1.7ms)[0m   [0;1mSHOW FIELDS FROM `facilities`[0m
Completed in 25ms (View: 6, DB: 14) | 200 OK [http://0.0.0.0/facilities/zipcode/36092/]
  [4;35;1mSQL (0.1ms)[0m   [0mSET SQL_AUTO_IS_NULL=0[0m


Processing FacilitiesController#view (for 127.0.0.1 at 2010-08-22 16:36:32) [GET]
  Parameters: {"zipcode"=>";;drop table facilities;;;"}
  [4;36;1mFacility Load (11.3ms)[0m   [0;1mSELECT * FROM `facilities` WHERE (zipcode like ';;drop table facilities;;;') [0m
Rendering template within layouts/facilities
Rendering facilities/view
Completed in 17ms (View: 1, DB: 11) | 200 OK [http://0.0.0.0/facilities/zipcode/;;drop%20table%20facilities;;;/]
  [4;35;1mSQL (2.3ms)[0m   [0mSET SQL_AUTO_IS_NULL=0[0m


Processing FacilitiesController#view (for 127.0.0.1 at 2010-08-22 16:37:31) [GET]
  Parameters: {"zipcode"=>"11691"}
  [4;36;1mFacility Load (11.5ms)[0m   [0;1mSELECT * FROM `facilities` WHERE (zipcode like '11691') [0m
Rendering template within layouts/facilities
Rendering facilities/view
  [4;35;1mFacility Columns (2.3ms)[0m   [0mSHOW FIELDS FROM `facilities`[0m
Completed in 46ms (View: 27, DB: 16) | 200 OK [http://0.0.0.0/facilities/zipcode/11691/]
  [4;36;1mSQL (0.1ms)[0m   [0;1mSET SQL_AUTO_IS_NULL=0[0m


Processing FacilitiesController#view (for 127.0.0.1 at 2010-08-22 16:37:35) [GET]
  Parameters: {"zipcode"=>"11692"}
  [4;35;1mFacility Load (11.2ms)[0m   [0mSELECT * FROM `facilities` WHERE (zipcode like '11692') [0m
Rendering template within layouts/facilities
Rendering facilities/view
  [4;36;1mFacility Columns (2.0ms)[0m   [0;1mSHOW FIELDS FROM `facilities`[0m
Completed in 27ms (View: 10, DB: 13) | 200 OK [http://0.0.0.0/facilities/zipcode/11692/]
  [4;35;1mSQL (0.1ms)[0m   [0mSET SQL_AUTO_IS_NULL=0[0m


Processing FacilitiesController#view (for 127.0.0.1 at 2010-08-22 16:48:34) [GET]
  Parameters: {"zipcode"=>"11691"}
  [4;36;1mFacility Load (11.3ms)[0m   [0;1mSELECT * FROM `facilities` WHERE (zipcode like '11691') [0m
Rendering template within layouts/facilities
Rendering facilities/view
  [4;35;1mFacility Columns (1.8ms)[0m   [0mSHOW FIELDS FROM `facilities`[0m
Completed in 271ms (View: 253, DB: 13) | 200 OK [http://0.0.0.0/facilities/zipcode/11691/]
  [4;36;1mSQL (0.2ms)[0m   [0;1mSET SQL_AUTO_IS_NULL=0[0m


Processing FacilitiesController#view (for 127.0.0.1 at 2010-08-22 16:55:05) [GET]
  Parameters: {"zipcode"=>"11691"}
  [4;35;1mFacility Load (11.3ms)[0m   [0mSELECT * FROM `facilities` WHERE (zipcode like '11691') [0m
Rendering template within layouts/facilities
Rendering facilities/view
  [4;36;1mFacility Columns (1.3ms)[0m   [0;1mSHOW FIELDS FROM `facilities`[0m
Completed in 54ms (View: 37, DB: 13) | 200 OK [http://0.0.0.0/facilities/zipcode/11691/]
